c:\users\hyunjun529\desktop\프로젝트1\standardtetrismsvc2005\standardtetrismsvc2005\debug\vc140.pdb
c:\users\hyunjun529\desktop\프로젝트1\standardtetrismsvc2005\standardtetrismsvc2005\debug\vc140.idb
c:\users\hyunjun529\desktop\프로젝트1\standardtetrismsvc2005\standardtetrismsvc2005\debug\cpf.standardtetris.stgamedrawing.obj
c:\users\hyunjun529\desktop\프로젝트1\standardtetrismsvc2005\standardtetrismsvc2005\debug\cpf.standardtetris.stgamefile.obj
c:\users\hyunjun529\desktop\프로젝트1\standardtetrismsvc2005\standardtetrismsvc2005\debug\cpf.standardtetris.stgamestate.obj
c:\users\hyunjun529\desktop\프로젝트1\standardtetrismsvc2005\standardtetrismsvc2005\debug\cpf.standardtetris.stmain.obj
c:\users\hyunjun529\desktop\프로젝트1\standardtetrismsvc2005\standardtetrismsvc2005\debug\cpf.standardtetris.stmd5.obj
c:\users\hyunjun529\desktop\프로젝트1\standardtetrismsvc2005\standardtetrismsvc2005\debug\cpf.standardtetris.stopenglfont.obj
c:\users\hyunjun529\desktop\프로젝트1\standardtetrismsvc2005\standardtetrismsvc2005\debug\cpf.standardtetris.stpiece.obj
c:\users\hyunjun529\desktop\프로젝트1\standardtetrismsvc2005\standardtetrismsvc2005\debug\cpf.standardtetris.stpiecesequence.obj
c:\users\hyunjun529\desktop\프로젝트1\standardtetrismsvc2005\standardtetrismsvc2005\debug\cpf.standardtetris.strandom.obj
c:\users\hyunjun529\desktop\프로젝트1\standardtetrismsvc2005\standardtetrismsvc2005\debug\cpf.standardtetris.strs232.obj
c:\users\hyunjun529\desktop\프로젝트1\standardtetrismsvc2005\standardtetrismsvc2005\debug\cpf.standardtetris.ststrategy.obj
c:\users\hyunjun529\desktop\프로젝트1\standardtetrismsvc2005\standardtetrismsvc2005\debug\cpf.standardtetris.ststrategycolinfaheytwopiece2003.obj
c:\users\hyunjun529\desktop\프로젝트1\standardtetrismsvc2005\standardtetrismsvc2005\debug\cpf.standardtetris.ststrategymanager.obj
c:\users\hyunjun529\desktop\프로젝트1\standardtetrismsvc2005\standardtetrismsvc2005\debug\cpf.standardtetris.ststrategypierredellacherieonepiece2003.obj
c:\users\hyunjun529\desktop\프로젝트1\standardtetrismsvc2005\standardtetrismsvc2005\debug\cpf.standardtetris.ststrategyrogerllimalaurentbercotsebastienblondeelonepiece1996.obj
c:\users\hyunjun529\desktop\프로젝트1\standardtetrismsvc2005\standardtetrismsvc2005\debug\cpf.standardtetris.ststrategyuserdefineddll.obj
c:\users\hyunjun529\desktop\프로젝트1\standardtetrismsvc2005\standardtetrismsvc2005\debug\cpf.standardtetris.sttime.obj
c:\users\hyunjun529\desktop\프로젝트1\standardtetrismsvc2005\standardtetrismsvc2005\debug\cpf.standardtetris.stuserinterface.obj
c:\users\hyunjun529\desktop\프로젝트1\standardtetrismsvc2005\standardtetrismsvc2005\debug\cpf.standardtetris.stvideocapture.obj
c:\users\hyunjun529\desktop\프로젝트1\standardtetrismsvc2005\standardtetrismsvc2005\debug\cpf.standardtetris.stvideoprocessing.obj
c:\users\hyunjun529\desktop\프로젝트1\standardtetrismsvc2005\standardtetrismsvc2005\debug\cpf.standardtetris.stboard.obj
c:\users\hyunjun529\desktop\프로젝트1\standardtetrismsvc2005\standardtetrismsvc2005\debug\cpf.standardtetris.stconsole.obj
c:\users\hyunjun529\desktop\프로젝트1\standardtetrismsvc2005\standardtetrismsvc2005\debug\cpf.standardtetris.stdatetime.obj
c:\users\hyunjun529\desktop\프로젝트1\standardtetrismsvc2005\standardtetrismsvc2005\debug\cpf.standardtetris.stengine.obj
c:\users\hyunjun529\desktop\프로젝트1\standardtetrismsvc2005\standardtetrismsvc2005\debug\cpf.standardtetris.stfile.obj
c:\users\hyunjun529\desktop\프로젝트1\standardtetrismsvc2005\standardtetrismsvc2005\debug\cpf.standardtetris.stfilelist.obj
c:\users\hyunjun529\desktop\프로젝트1\standardtetrismsvc2005\standardtetrismsvc2005\debug\cpf.standardtetris.stgame.obj
c:\users\hyunjun529\desktop\프로젝트1\standardtetrismsvc2005\debug\standardtetrismsvc2005.ilk
c:\users\hyunjun529\desktop\프로젝트1\standardtetrismsvc2005\debug\standardtetrismsvc2005.exe
c:\users\hyunjun529\desktop\프로젝트1\standardtetrismsvc2005\debug\standardtetrismsvc2005.pdb
c:\users\hyunjun529\desktop\프로젝트1\standardtetrismsvc2005\standardtetrismsvc2005\debug\cpf.standardtetris.stresourcescript.res
c:\users\hyunjun529\desktop\프로젝트1\standardtetrismsvc2005\standardtetrismsvc2005\debug\standard.b84b9a4d.tlog\cl.command.1.tlog
c:\users\hyunjun529\desktop\프로젝트1\standardtetrismsvc2005\standardtetrismsvc2005\debug\standard.b84b9a4d.tlog\cl.read.1.tlog
c:\users\hyunjun529\desktop\프로젝트1\standardtetrismsvc2005\standardtetrismsvc2005\debug\standard.b84b9a4d.tlog\cl.write.1.tlog
c:\users\hyunjun529\desktop\프로젝트1\standardtetrismsvc2005\standardtetrismsvc2005\debug\standard.b84b9a4d.tlog\link.command.1.tlog
c:\users\hyunjun529\desktop\프로젝트1\standardtetrismsvc2005\standardtetrismsvc2005\debug\standard.b84b9a4d.tlog\link.read.1.tlog
c:\users\hyunjun529\desktop\프로젝트1\standardtetrismsvc2005\standardtetrismsvc2005\debug\standard.b84b9a4d.tlog\link.write.1.tlog
c:\users\hyunjun529\desktop\프로젝트1\standardtetrismsvc2005\standardtetrismsvc2005\debug\standard.b84b9a4d.tlog\rc.command.1.tlog
c:\users\hyunjun529\desktop\프로젝트1\standardtetrismsvc2005\standardtetrismsvc2005\debug\standard.b84b9a4d.tlog\rc.read.1.tlog
c:\users\hyunjun529\desktop\프로젝트1\standardtetrismsvc2005\standardtetrismsvc2005\debug\standard.b84b9a4d.tlog\rc.write.1.tlog
